
ff: parsing domain file
domain 'TRAVEL-STRIPS' defined
 ... done.
ff: parsing problem file
problem 'PETIT1' defined
 ... done.


no metric specified. plan length assumed.

checking for cyclic := effects --- OK.

ff: search configuration is  best-first on 1*g(s) + 5*h(s) where
    metric is  plan length

advancing to distance:    7
                          4
                          3
                          2
                          1
                          0

ff: found legal plan as follows

step    0: START C2
        1: SPEND-NIGHT C2 H3
        2: GO-AGAINST C2 C1
        3: SPEND-NIGHT C1 H1
        4: GO-AGAINST C1 C4
        5: SPEND-NIGHT C4 H9
        6: GO-ALONG C4 C5
        7: SPEND-NIGHT C5 H10
     

time spent:    0.00 seconds instantiating 35 easy, 0 hard action templates
               0.00 seconds reachability analysis, yielding 18 facts and 35 actions
               0.00 seconds creating final representation with 18 relevant facts, 2 relevant fluents
               0.00 seconds computing LNF
               0.00 seconds building connectivity graph
               0.00 seconds searching, evaluating 24 states, to a max depth of 0
               0.00 seconds total time

