
ff: parsing domain file
domain 'TRAVEL-STRIPS' defined
 ... done.
ff: parsing problem file
problem 'TEST8' defined
 ... done.


metric established (normalized to minimize): ((1.00*[RF0](COST-TRAVEL)) - () + 0.00)

checking for cyclic := effects --- OK.

ff: search configuration is  best-first on 1*g(s) + 5*h(s) where
    metric is ((1.00*[RF0](COST-TRAVEL)) - () + 0.00)

advancing to distance:   16
                         14
                         13
                         12
                          9
                          7
                          5
                          3
                          2
                          1
                          0

ff: found legal plan as follows

step    0: START C2
        1: SPEND-NIGHT C2 H2
        2: GO-ALONG C2 C8
        3: SPEND-NIGHT C8 H8
        4: GO-ALONG C8 C1
        5: SPEND-NIGHT C1 H1
        6: GO-AGAINST C1 C3
        7: SPEND-NIGHT C3 H3
        8: GO-AGAINST C3 C4
        9: SPEND-NIGHT C4 H4
       10: GO-ALONG C4 C5
       11: SPEND-NIGHT C5 H5
       12: GO-AGAINST C5 C6
       13: SPEND-NIGHT C6 H6
       14: GO-ALONG C6 C7
       15: SPEND-NIGHT C7 H7
     

time spent:    0.00 seconds instantiating 70 easy, 0 hard action templates
               0.00 seconds reachability analysis, yielding 25 facts and 70 actions
               0.00 seconds creating final representation with 25 relevant facts, 6 relevant fluents
               0.00 seconds computing LNF
               0.00 seconds building connectivity graph
               0.00 seconds searching, evaluating 50 states, to a max depth of 0
               0.00 seconds total time

