
ff: parsing domain file
domain 'TRAVEL-STRIPS' defined
 ... done.
ff: parsing problem file
problem 'TEST11' defined
 ... done.


metric established (normalized to minimize): ((1.00*[RF0](COST-TRAVEL)) - () + 0.00)

checking for cyclic := effects --- OK.

ff: search configuration is  best-first on 1*g(s) + 5*h(s) where
    metric is ((1.00*[RF0](COST-TRAVEL)) - () + 0.00)

advancing to distance:   22
                         17
                         16
                         15
                         13
                         12
                         10
                          9
                          7
                          5
                          3
                          2
                          1
                          0

ff: found legal plan as follows

step    0: START C1
        1: SPEND-NIGHT C1 H1
        2: GO-AGAINST C1 C11
        3: SPEND-NIGHT C11 H11
        4: GO-AGAINST C11 C7
        5: SPEND-NIGHT C7 H7
        6: GO-ALONG C7 C6
        7: SPEND-NIGHT C6 H6
        8: GO-ALONG C6 C9
        9: SPEND-NIGHT C9 H9
       10: GO-ALONG C9 C2
       11: SPEND-NIGHT C2 H2
       12: GO-ALONG C2 C3
       13: SPEND-NIGHT C3 H3
       14: GO-ALONG C3 C8
       15: SPEND-NIGHT C8 H8
       16: GO-AGAINST C8 C5
       17: SPEND-NIGHT C5 H5
       18: GO-AGAINST C5 C10
       19: SPEND-NIGHT C10 H10
       20: GO-AGAINST C10 C4
       21: SPEND-NIGHT C4 H4
     

time spent:    0.00 seconds instantiating 82 easy, 0 hard action templates
               0.00 seconds reachability analysis, yielding 34 facts and 82 actions
               0.00 seconds creating final representation with 34 relevant facts, 6 relevant fluents
               0.00 seconds computing LNF
               0.00 seconds building connectivity graph
               0.00 seconds searching, evaluating 78 states, to a max depth of 0
               0.00 seconds total time

