
ff: parsing domain file
domain 'TRAVEL-STRIPS' defined
 ... done.
ff: parsing problem file
problem 'TEST9' defined
 ... done.


metric established (normalized to minimize): ((1.00*[RF0](COST-TRAVEL)) - () + 0.00)

checking for cyclic := effects --- OK.

ff: search configuration is  best-first on 1*g(s) + 5*h(s) where
    metric is ((1.00*[RF0](COST-TRAVEL)) - () + 0.00)

advancing to distance:   18
                         14
                         13
                         12
                         11
                          9
                          8
                          7
                          5
                          4
                          3
                          2
                          1
                          0

ff: found legal plan as follows

step    0: START C1
        1: SPEND-NIGHT C1 H1
        2: GO-AGAINST C1 C2
        3: SPEND-NIGHT C2 H2
        4: GO-AGAINST C2 C6
        5: SPEND-NIGHT C6 H6
        6: GO-AGAINST C6 C8
        7: SPEND-NIGHT C8 H8
        8: GO-ALONG C8 C9
        9: SPEND-NIGHT C9 H9
       10: GO-AGAINST C9 C3
       11: SPEND-NIGHT C3 H3
       12: GO-AGAINST C3 C7
       13: SPEND-NIGHT C7 H7
       14: GO-AGAINST C7 C5
       15: SPEND-NIGHT C5 H5
       16: GO-AGAINST C5 C4
       17: SPEND-NIGHT C4 H4
     

time spent:    0.00 seconds instantiating 74 easy, 0 hard action templates
               0.00 seconds reachability analysis, yielding 28 facts and 74 actions
               0.00 seconds creating final representation with 28 relevant facts, 6 relevant fluents
               0.00 seconds computing LNF
               0.00 seconds building connectivity graph
               0.00 seconds searching, evaluating 50 states, to a max depth of 0
               0.00 seconds total time

