
ff: parsing domain file
domain 'TRAVEL-STRIPS' defined
 ... done.
ff: parsing problem file
problem 'TEST17' defined
 ... done.


metric established (normalized to minimize): ((1.00*[RF0](COST-TRAVEL)) - () + 0.00)

checking for cyclic := effects --- OK.

ff: search configuration is  best-first on 1*g(s) + 5*h(s) where
    metric is ((1.00*[RF0](COST-TRAVEL)) - () + 0.00)

advancing to distance:   34
                         27
                         26
                         25
                         22
                         21
                         20
                         19
                         18
                         17
                         16
                         15
                         12
                         11
                          9
                          8
                          7
                          6
                          5
                          3
                          2
                          1
                          0

ff: found legal plan as follows

step    0: START C9
        1: SPEND-NIGHT C9 H9
        2: GO-ALONG C9 C8
        3: SPEND-NIGHT C8 H8
        4: GO-ALONG C8 C11
        5: SPEND-NIGHT C11 H11
        6: GO-ALONG C11 C1
        7: SPEND-NIGHT C1 H1
        8: GO-ALONG C1 C6
        9: SPEND-NIGHT C6 H6
       10: GO-ALONG C6 C13
       11: SPEND-NIGHT C13 H13
       12: GO-ALONG C13 C17
       13: SPEND-NIGHT C17 H17
       14: GO-ALONG C17 C16
       15: SPEND-NIGHT C16 H16
       16: GO-AGAINST C16 C7
       17: SPEND-NIGHT C7 H7
       18: GO-ALONG C7 C14
       19: SPEND-NIGHT C14 H14
       20: GO-ALONG C14 C15
       21: SPEND-NIGHT C15 H15
       22: GO-AGAINST C15 C12
       23: SPEND-NIGHT C12 H12
       24: GO-ALONG C12 C3
       25: SPEND-NIGHT C3 H3
       26: GO-ALONG C3 C10
       27: SPEND-NIGHT C10 H10
       28: GO-ALONG C10 C2
       29: SPEND-NIGHT C2 H2
       30: GO-ALONG C2 C4
       31: SPEND-NIGHT C4 H4
       32: GO-AGAINST C4 C5
       33: SPEND-NIGHT C5 H5
     

time spent:    0.00 seconds instantiating 106 easy, 0 hard action templates
               0.00 seconds reachability analysis, yielding 52 facts and 106 actions
               0.00 seconds creating final representation with 52 relevant facts, 6 relevant fluents
               0.00 seconds computing LNF
               0.00 seconds building connectivity graph
               0.00 seconds searching, evaluating 206 states, to a max depth of 0
               0.00 seconds total time

