
ff: parsing domain file
domain 'TRAVEL-STRIPS' defined
 ... done.
ff: parsing problem file
problem 'TEST5' defined
 ... done.


metric established (normalized to minimize): ((1.00*[RF0](COST-TRAVEL)) - () + 0.00)

checking for cyclic := effects --- OK.

ff: search configuration is  best-first on 1*g(s) + 5*h(s) where
    metric is ((1.00*[RF0](COST-TRAVEL)) - () + 0.00)

advancing to distance:   10
                          8
                          7
                          5
                          4
                          3
                          2
                          1
                          0

ff: found legal plan as follows

step    0: START C2
        1: SPEND-NIGHT C2 H2
        2: GO-ALONG C2 C1
        3: SPEND-NIGHT C1 H1
        4: GO-AGAINST C1 C4
        5: SPEND-NIGHT C4 H4
        6: GO-ALONG C4 C3
        7: SPEND-NIGHT C3 H3
        8: GO-ALONG C3 C5
        9: SPEND-NIGHT C5 H5
     

time spent:    0.00 seconds instantiating 30 easy, 0 hard action templates
               0.00 seconds reachability analysis, yielding 16 facts and 30 actions
               0.00 seconds creating final representation with 16 relevant facts, 6 relevant fluents
               0.00 seconds computing LNF
               0.00 seconds building connectivity graph
               0.00 seconds searching, evaluating 21 states, to a max depth of 0
               0.00 seconds total time

