
ff: parsing domain file
domain 'TRAVEL-STRIPS' defined
 ... done.
ff: parsing problem file
problem 'TEST3' defined
 ... done.


metric established (normalized to minimize): ((1.00*[RF0](COST-TRAVEL)) - () + 0.00)

checking for cyclic := effects --- OK.

ff: search configuration is  best-first on 1*g(s) + 5*h(s) where
    metric is ((1.00*[RF0](COST-TRAVEL)) - () + 0.00)

advancing to distance:   14
                         10
                          9
                          8
                          7
                          5
                          3
                          2
                          1
                          0

ff: found legal plan as follows

step    0: START C4
        1: SPEND-NIGHT C4 H4
        2: GO-AGAINST C4 C7
        3: SPEND-NIGHT C7 H7
        4: GO-AGAINST C7 C6
        5: SPEND-NIGHT C6 H6
        6: GO-AGAINST C6 C2
        7: SPEND-NIGHT C2 H2
        8: GO-AGAINST C2 C10
        9: SPEND-NIGHT C10 H10
       10: GO-AGAINST C10 C13
       11: SPEND-NIGHT C13 H13
       12: GO-ALONG C13 C8
       13: SPEND-NIGHT C8 H8
     

time spent:    0.00 seconds instantiating 78 easy, 0 hard action templates
               0.00 seconds reachability analysis, yielding 46 facts and 78 actions
               0.00 seconds creating final representation with 46 relevant facts, 6 relevant fluents
               0.00 seconds computing LNF
               0.00 seconds building connectivity graph
               0.00 seconds searching, evaluating 40 states, to a max depth of 0
               0.00 seconds total time

