
ff: parsing domain file
domain 'TRAVEL-STRIPS' defined
 ... done.
ff: parsing problem file
problem 'TEST4' defined
 ... done.


metric established (normalized to minimize): ((1.00*[RF0](COST-TRAVEL)) - () + 0.00)

checking for cyclic := effects --- OK.

ff: search configuration is  best-first on 1*g(s) + 5*h(s) where
    metric is ((1.00*[RF0](COST-TRAVEL)) - () + 0.00)

advancing to distance:    8
                          6
                          5
                          3
                          2
                          1
                          0

ff: found legal plan as follows

step    0: START C2
        1: SPEND-NIGHT C2 H2
        2: GO-ALONG C2 C3
        3: SPEND-NIGHT C3 H3
        4: GO-AGAINST C3 C1
        5: SPEND-NIGHT C1 H1
        6: GO-AGAINST C1 C4
        7: SPEND-NIGHT C4 H4
     

time spent:    0.00 seconds instantiating 20 easy, 0 hard action templates
               0.00 seconds reachability analysis, yielding 13 facts and 20 actions
               0.00 seconds creating final representation with 13 relevant facts, 6 relevant fluents
               0.00 seconds computing LNF
               0.00 seconds building connectivity graph
               0.00 seconds searching, evaluating 17 states, to a max depth of 0
               0.00 seconds total time

