
ff: parsing domain file
domain 'TRAVEL-STRIPS' defined
 ... done.
ff: parsing problem file
problem 'TEST6' defined
 ... done.


metric established (normalized to minimize): ((1.00*[RF0](COST-TRAVEL)) - () + 0.00)

checking for cyclic := effects --- OK.

ff: search configuration is  best-first on 1*g(s) + 5*h(s) where
    metric is ((1.00*[RF0](COST-TRAVEL)) - () + 0.00)

advancing to distance:   30
                         21
                         19
                         18
                         16
                         11
                         10
                          7
                          6
                          5
                          4
                          3
                          2
                          1
                          0

ff: found legal plan as follows

step    0: START C14
        1: SPEND-NIGHT C14 H14
        2: GO-AGAINST C14 C30
        3: SPEND-NIGHT C30 H30
        4: GO-AGAINST C30 C28
        5: SPEND-NIGHT C28 H28
        6: GO-ALONG C28 C11
        7: SPEND-NIGHT C11 H11
        8: GO-ALONG C11 C26
        9: SPEND-NIGHT C26 H26
       10: GO-ALONG C26 C18
       11: SPEND-NIGHT C18 H18
       12: GO-AGAINST C18 C3
       13: SPEND-NIGHT C3 H3
       14: GO-ALONG C3 C21
       15: SPEND-NIGHT C21 H21
       16: GO-ALONG C21 C7
       17: SPEND-NIGHT C7 H7
       18: GO-ALONG C7 C2
       19: SPEND-NIGHT C2 H2
       20: GO-ALONG C2 C12
       21: SPEND-NIGHT C12 H12
       22: GO-ALONG C12 C25
       23: SPEND-NIGHT C25 H25
       24: GO-ALONG C25 C24
       25: SPEND-NIGHT C24 H24
       26: GO-AGAINST C24 C1
       27: SPEND-NIGHT C1 H1
       28: GO-AGAINST C1 C23
       29: SPEND-NIGHT C23 H23
     

time spent:    0.00 seconds instantiating 138 easy, 0 hard action templates
               0.00 seconds reachability analysis, yielding 91 facts and 138 actions
               0.00 seconds creating final representation with 91 relevant facts, 6 relevant fluents
               0.00 seconds computing LNF
               0.00 seconds building connectivity graph
               0.00 seconds searching, evaluating 149 states, to a max depth of 0
               0.00 seconds total time

