
ff: parsing domain file
domain 'TRAVEL-STRIPS' defined
 ... done.
ff: parsing problem file
problem 'TEST16' defined
 ... done.


metric established (normalized to minimize): ((1.00*[RF0](COST-TRAVEL)) - () + 0.00)

checking for cyclic := effects --- OK.

ff: search configuration is  best-first on 1*g(s) + 5*h(s) where
    metric is ((1.00*[RF0](COST-TRAVEL)) - () + 0.00)

advancing to distance:   32
                         25
                         24
                         23
                         22
                         19
                         18
                         16
                         15
                         10
                          9
                          8
                          7
                          6
                          5
                          3
                          2
                          1
                          0

ff: found legal plan as follows

step    0: START C8
        1: SPEND-NIGHT C8 H8
        2: GO-AGAINST C8 C10
        3: SPEND-NIGHT C10 H10
        4: GO-ALONG C10 C5
        5: SPEND-NIGHT C5 H5
        6: GO-AGAINST C5 C12
        7: SPEND-NIGHT C12 H12
        8: GO-ALONG C12 C4
        9: SPEND-NIGHT C4 H4
       10: GO-ALONG C4 C3
       11: SPEND-NIGHT C3 H3
       12: GO-AGAINST C3 C1
       13: SPEND-NIGHT C1 H1
       14: GO-AGAINST C1 C15
       15: SPEND-NIGHT C15 H15
       16: GO-ALONG C15 C9
       17: SPEND-NIGHT C9 H9
       18: GO-AGAINST C9 C14
       19: SPEND-NIGHT C14 H14
       20: GO-ALONG C14 C2
       21: SPEND-NIGHT C2 H2
       22: GO-AGAINST C2 C7
       23: SPEND-NIGHT C7 H7
       24: GO-ALONG C7 C13
       25: SPEND-NIGHT C13 H13
       26: GO-AGAINST C13 C6
       27: SPEND-NIGHT C6 H6
       28: GO-AGAINST C6 C11
       29: SPEND-NIGHT C11 H11
       30: GO-AGAINST C11 C16
       31: SPEND-NIGHT C16 H16
     

time spent:    0.00 seconds instantiating 102 easy, 0 hard action templates
               0.00 seconds reachability analysis, yielding 49 facts and 102 actions
               0.00 seconds creating final representation with 49 relevant facts, 6 relevant fluents
               0.00 seconds computing LNF
               0.00 seconds building connectivity graph
               0.00 seconds searching, evaluating 85 states, to a max depth of 0
               0.00 seconds total time

