
ff: parsing domain file
domain 'TRAVEL-STRIPS' defined
 ... done.
ff: parsing problem file
problem 'TEST27' defined
 ... done.


metric established (normalized to minimize): ((1.00*[RF0](COST-TRAVEL)) - () + 0.00)

checking for cyclic := effects --- OK.

ff: search configuration is  best-first on 1*g(s) + 5*h(s) where
    metric is ((1.00*[RF0](COST-TRAVEL)) - () + 0.00)

advancing to distance:   54
                         43
                         42
                         26
                         23
                         22
                         21
                         20
                         19
                         18
                         13
                         12
                         11
                         10
                          7
                          6
                          5
                          4
                          3

best first search space empty! problem proven unsolvable.



time spent:    0.00 seconds instantiating 146 easy, 0 hard action templates
               0.00 seconds reachability analysis, yielding 82 facts and 146 actions
               0.00 seconds creating final representation with 82 relevant facts, 6 relevant fluents
               0.00 seconds computing LNF
               0.00 seconds building connectivity graph
             518.07 seconds searching, evaluating 11250853 states, to a max depth of 0
             518.07 seconds total time

