
ff: parsing domain file
domain 'TRAVEL-STRIPS' defined
 ... done.
ff: parsing problem file
problem 'TEST24' defined
 ... done.


metric established (normalized to minimize): ((1.00*[RF0](COST-TRAVEL)) - () + 0.00)

checking for cyclic := effects --- OK.

ff: search configuration is  best-first on 1*g(s) + 5*h(s) where
    metric is ((1.00*[RF0](COST-TRAVEL)) - () + 0.00)

advancing to distance:   48
                         36
                         35
                         34
                         33
                         32
                         31
                         30
                         20
                         19
                         18
                         17
                         16
                         15
                         14
                          9
                          8
                          7
                          6
                          5
                          4
                          3
                          2
                          1
                          0

ff: found legal plan as follows

step    0: START C24
        1: SPEND-NIGHT C24 H24
        2: GO-ALONG C24 C21
        3: SPEND-NIGHT C21 H21
        4: GO-AGAINST C21 C4
        5: SPEND-NIGHT C4 H4
        6: GO-ALONG C4 C16
        7: SPEND-NIGHT C16 H16
        8: GO-AGAINST C16 C3
        9: SPEND-NIGHT C3 H3
       10: GO-AGAINST C3 C17
       11: SPEND-NIGHT C17 H17
       12: GO-AGAINST C17 C7
       13: SPEND-NIGHT C7 H7
       14: GO-AGAINST C7 C1
       15: SPEND-NIGHT C1 H1
       16: GO-ALONG C1 C20
       17: SPEND-NIGHT C20 H20
       18: GO-AGAINST C20 C11
       19: SPEND-NIGHT C11 H11
       20: GO-ALONG C11 C14
       21: SPEND-NIGHT C14 H14
       22: GO-ALONG C14 C9
       23: SPEND-NIGHT C9 H9
       24: GO-AGAINST C9 C5
       25: SPEND-NIGHT C5 H5
       26: GO-AGAINST C5 C18
       27: SPEND-NIGHT C18 H18
       28: GO-AGAINST C18 C19
       29: SPEND-NIGHT C19 H19
       30: GO-AGAINST C19 C12
       31: SPEND-NIGHT C12 H12
       32: GO-AGAINST C12 C10
       33: SPEND-NIGHT C10 H10
       34: GO-ALONG C10 C2
       35: SPEND-NIGHT C2 H2
       36: GO-ALONG C2 C13
       37: SPEND-NIGHT C13 H13
       38: GO-ALONG C13 C15
       39: SPEND-NIGHT C15 H15
       40: GO-AGAINST C15 C22
       41: SPEND-NIGHT C22 H22
       42: GO-ALONG C22 C6
       43: SPEND-NIGHT C6 H6
       44: GO-AGAINST C6 C8
       45: SPEND-NIGHT C8 H8
       46: GO-AGAINST C8 C23
       47: SPEND-NIGHT C23 H23
     

time spent:    0.00 seconds instantiating 134 easy, 0 hard action templates
               0.00 seconds reachability analysis, yielding 73 facts and 134 actions
               0.00 seconds creating final representation with 73 relevant facts, 6 relevant fluents
               0.00 seconds computing LNF
               0.00 seconds building connectivity graph
               7.99 seconds searching, evaluating 318412 states, to a max depth of 0
               7.99 seconds total time

