
ff: parsing domain file
domain 'TRAVEL-STRIPS' defined
 ... done.
ff: parsing problem file
problem 'TEST13' defined
 ... done.


metric established (normalized to minimize): ((1.00*[RF0](COST-TRAVEL)) - () + 0.00)

checking for cyclic := effects --- OK.

ff: search configuration is  best-first on 1*g(s) + 5*h(s) where
    metric is ((1.00*[RF0](COST-TRAVEL)) - () + 0.00)

advancing to distance:   26
                         21
                         20
                         18
                         17
                         16
                         15
                         14
                         13
                         12
                         11
                         10
                          8
                          7
                          5
                          3
                          2
                          1
                          0

ff: found legal plan as follows

step    0: START C6
        1: SPEND-NIGHT C6 H6
        2: GO-AGAINST C6 C9
        3: SPEND-NIGHT C9 H9
        4: GO-AGAINST C9 C3
        5: SPEND-NIGHT C3 H3
        6: GO-AGAINST C3 C2
        7: SPEND-NIGHT C2 H2
        8: GO-ALONG C2 C5
        9: SPEND-NIGHT C5 H5
       10: GO-ALONG C5 C7
       11: SPEND-NIGHT C7 H7
       12: GO-AGAINST C7 C4
       13: SPEND-NIGHT C4 H4
       14: GO-AGAINST C4 C11
       15: SPEND-NIGHT C11 H11
       16: GO-AGAINST C11 C8
       17: SPEND-NIGHT C8 H8
       18: GO-ALONG C8 C13
       19: SPEND-NIGHT C13 H13
       20: GO-AGAINST C13 C12
       21: SPEND-NIGHT C12 H12
       22: GO-AGAINST C12 C10
       23: SPEND-NIGHT C10 H10
       24: GO-ALONG C10 C1
       25: SPEND-NIGHT C1 H1
     

time spent:    0.00 seconds instantiating 90 easy, 0 hard action templates
               0.00 seconds reachability analysis, yielding 40 facts and 90 actions
               0.00 seconds creating final representation with 40 relevant facts, 6 relevant fluents
               0.00 seconds computing LNF
               0.00 seconds building connectivity graph
               0.00 seconds searching, evaluating 121 states, to a max depth of 0
               0.00 seconds total time

