
ff: parsing domain file
domain 'TRAVEL-STRIPS' defined
 ... done.
ff: parsing problem file
problem 'TEST7' defined
 ... done.


metric established (normalized to minimize): ((1.00*[RF0](COST-TRAVEL)) - () + 0.00)

checking for cyclic := effects --- OK.

ff: search configuration is  best-first on 1*g(s) + 5*h(s) where
    metric is ((1.00*[RF0](COST-TRAVEL)) - () + 0.00)

advancing to distance:   14
                         12
                         11
                         10
                          9
                          7
                          5
                          4
                          2
                          1
                          0

ff: found legal plan as follows

step    0: START C4
        1: SPEND-NIGHT C4 H4
        2: GO-ALONG C4 C7
        3: SPEND-NIGHT C7 H7
        4: GO-ALONG C7 C3
        5: SPEND-NIGHT C3 H3
        6: GO-ALONG C3 C2
        7: SPEND-NIGHT C2 H2
        8: GO-ALONG C2 C6
        9: SPEND-NIGHT C6 H6
       10: GO-ALONG C6 C1
       11: SPEND-NIGHT C1 H1
       12: GO-AGAINST C1 C5
       13: SPEND-NIGHT C5 H5
     

time spent:    0.00 seconds instantiating 56 easy, 0 hard action templates
               0.00 seconds reachability analysis, yielding 22 facts and 56 actions
               0.00 seconds creating final representation with 22 relevant facts, 6 relevant fluents
               0.00 seconds computing LNF
               0.00 seconds building connectivity graph
               0.00 seconds searching, evaluating 39 states, to a max depth of 0
               0.00 seconds total time

