
ff: parsing domain file
domain 'TRAVEL-STRIPS' defined
 ... done.
ff: parsing problem file
problem 'TEST26' defined
 ... done.


metric established (normalized to minimize): ((1.00*[RF0](COST-TRAVEL)) - () + 0.00)

checking for cyclic := effects --- OK.

ff: search configuration is  best-first on 1*g(s) + 5*h(s) where
    metric is ((1.00*[RF0](COST-TRAVEL)) - () + 0.00)

advancing to distance:   52
                         42
                         41
                         25
                         20
                         12
                         11
                         10
                          9
                          8
                          7
                          6
                          5
                          4
                          3
                          2
                          1
                          0

ff: found legal plan as follows

step    0: START C26
        1: SPEND-NIGHT C26 H26
        2: GO-ALONG C26 C16
        3: SPEND-NIGHT C16 H16
        4: GO-AGAINST C16 C13
        5: SPEND-NIGHT C13 H13
        6: GO-AGAINST C13 C12
        7: SPEND-NIGHT C12 H12
        8: GO-AGAINST C12 C4
        9: SPEND-NIGHT C4 H4
       10: GO-AGAINST C4 C11
       11: SPEND-NIGHT C11 H11
       12: GO-AGAINST C11 C24
       13: SPEND-NIGHT C24 H24
       14: GO-AGAINST C24 C8
       15: SPEND-NIGHT C8 H8
       16: GO-AGAINST C8 C23
       17: SPEND-NIGHT C23 H23
       18: GO-AGAINST C23 C7
       19: SPEND-NIGHT C7 H7
       20: GO-ALONG C7 C21
       21: SPEND-NIGHT C21 H21
       22: GO-AGAINST C21 C3
       23: SPEND-NIGHT C3 H3
       24: GO-ALONG C3 C1
       25: SPEND-NIGHT C1 H1
       26: GO-AGAINST C1 C6
       27: SPEND-NIGHT C6 H6
       28: GO-AGAINST C6 C9
       29: SPEND-NIGHT C9 H9
       30: GO-AGAINST C9 C2
       31: SPEND-NIGHT C2 H2
       32: GO-ALONG C2 C20
       33: SPEND-NIGHT C20 H20
       34: GO-AGAINST C20 C18
       35: SPEND-NIGHT C18 H18
       36: GO-ALONG C18 C19
       37: SPEND-NIGHT C19 H19
       38: GO-AGAINST C19 C5
       39: SPEND-NIGHT C5 H5
       40: GO-AGAINST C5 C15
       41: SPEND-NIGHT C15 H15
       42: GO-ALONG C15 C25
       43: SPEND-NIGHT C25 H25
       44: GO-ALONG C25 C17
       45: SPEND-NIGHT C17 H17
       46: GO-ALONG C17 C22
       47: SPEND-NIGHT C22 H22
       48: GO-AGAINST C22 C10
       49: SPEND-NIGHT C10 H10
       50: GO-ALONG C10 C14
       51: SPEND-NIGHT C14 H14
     

time spent:    0.00 seconds instantiating 142 easy, 0 hard action templates
               0.00 seconds reachability analysis, yielding 79 facts and 142 actions
               0.00 seconds creating final representation with 79 relevant facts, 6 relevant fluents
               0.00 seconds computing LNF
               0.00 seconds building connectivity graph
             280.25 seconds searching, evaluating 7982910 states, to a max depth of 0
             280.25 seconds total time

